<?xml version="1.0" encoding="UTF-8" standalone="yes"?><!DOCTYPE report PUBLIC "-//JACOCO//DTD Report 1.0//EN" "report.dtd"><report name="EspaiEncrip"><sessioninfo id="DOKUs-Robi-Hidayat.local-f52ca760" start="1521692578656" dump="1521692579179"/><package name="com/auteam/espaiencrip"><class name="com/auteam/espaiencrip/DefaultEncryptedProperties"><method name="&lt;init&gt;" desc="()V" line="33"><counter type="INSTRUCTION" missed="12" covered="0"/><counter type="LINE" missed="4" covered="0"/><counter type="COMPLEXITY" missed="1" covered="0"/><counter type="METHOD" missed="1" covered="0"/></method><method name="getProperty" desc="(Ljava/lang/String;)Ljava/lang/String;" line="47"><counter type="INSTRUCTION" missed="63" covered="0"/><counter type="BRANCH" missed="2" covered="0"/><counter type="LINE" missed="14" covered="0"/><counter type="COMPLEXITY" missed="2" covered="0"/><counter type="METHOD" missed="1" covered="0"/></method><method name="setProperty" desc="(Ljava/lang/String;Ljava/lang/String;)Ljava/lang/String;" line="76"><counter type="INSTRUCTION" missed="173" covered="0"/><counter type="BRANCH" missed="4" covered="0"/><counter type="LINE" missed="26" covered="0"/><counter type="COMPLEXITY" missed="3" covered="0"/><counter type="METHOD" missed="1" covered="0"/></method><method name="keySet" desc="()Ljava/util/Set;" line="125"><counter type="INSTRUCTION" missed="4" covered="0"/><counter type="LINE" missed="1" covered="0"/><counter type="COMPLEXITY" missed="1" covered="0"/><counter type="METHOD" missed="1" covered="0"/></method><method name="load" desc="(Ljava/io/InputStream;)V" line="130"><counter type="INSTRUCTION" missed="10" covered="0"/><counter type="LINE" missed="3" covered="0"/><counter type="COMPLEXITY" missed="1" covered="0"/><counter type="METHOD" missed="1" covered="0"/></method><method name="store" desc="(Ljava/io/OutputStream;Ljava/lang/String;)V" line="136"><counter type="INSTRUCTION" missed="6" covered="0"/><counter type="LINE" missed="2" covered="0"/><counter type="COMPLEXITY" missed="1" covered="0"/><counter type="METHOD" missed="1" covered="0"/></method><method name="main" desc="([Ljava/lang/String;)V" line="141"><counter type="INSTRUCTION" missed="175" covered="0"/><counter type="BRANCH" missed="24" covered="0"/><counter type="LINE" missed="30" covered="0"/><counter type="COMPLEXITY" missed="13" covered="0"/><counter type="METHOD" missed="1" covered="0"/></method><counter type="INSTRUCTION" missed="443" covered="0"/><counter type="BRANCH" missed="30" covered="0"/><counter type="LINE" missed="80" covered="0"/><counter type="COMPLEXITY" missed="22" covered="0"/><counter type="METHOD" missed="7" covered="0"/><counter type="CLASS" missed="1" covered="0"/></class><class name="com/auteam/espaiencrip/JavaEncryptor"><method name="getInstance" desc="()Lorg/owasp/esapi/Encryptor;" line="58"><counter type="INSTRUCTION" missed="22" covered="0"/><counter type="BRANCH" missed="4" covered="0"/><counter type="LINE" missed="6" covered="0"/><counter type="COMPLEXITY" missed="3" covered="0"/><counter type="METHOD" missed="1" covered="0"/></method><method name="main" desc="([Ljava/lang/String;)V" line="134"><counter type="INSTRUCTION" missed="209" covered="0"/><counter type="BRANCH" missed="10" covered="0"/><counter type="LINE" missed="39" covered="0"/><counter type="COMPLEXITY" missed="6" covered="0"/><counter type="METHOD" missed="1" covered="0"/></method><method name="&lt;init&gt;" desc="()V" line="205"><counter type="INSTRUCTION" missed="123" covered="0"/><counter type="BRANCH" missed="18" covered="0"/><counter type="LINE" missed="20" covered="0"/><counter type="COMPLEXITY" missed="10" covered="0"/><counter type="METHOD" missed="1" covered="0"/></method><method name="hash" desc="(Ljava/lang/String;Ljava/lang/String;)Ljava/lang/String;" line="269"><counter type="INSTRUCTION" missed="6" covered="0"/><counter type="LINE" missed="1" covered="0"/><counter type="COMPLEXITY" missed="1" covered="0"/><counter type="METHOD" missed="1" covered="0"/></method><method name="hash" desc="(Ljava/lang/String;Ljava/lang/String;I)Ljava/lang/String;" line="280"><counter type="INSTRUCTION" missed="74" covered="0"/><counter type="BRANCH" missed="2" covered="0"/><counter type="LINE" missed="16" covered="0"/><counter type="COMPLEXITY" missed="2" covered="0"/><counter type="METHOD" missed="1" covered="0"/></method><method name="encrypt" desc="(Lorg/owasp/esapi/crypto/PlainText;)Lorg/owasp/esapi/crypto/CipherText;" line="308"><counter type="INSTRUCTION" missed="5" covered="0"/><counter type="LINE" missed="1" covered="0"/><counter type="COMPLEXITY" missed="1" covered="0"/><counter type="METHOD" missed="1" covered="0"/></method><method name="encrypt" desc="(Ljavax/crypto/SecretKey;Lorg/owasp/esapi/crypto/PlainText;)Lorg/owasp/esapi/crypto/CipherText;" line="317"><counter type="INSTRUCTION" missed="456" covered="0"/><counter type="BRANCH" missed="38" covered="0"/><counter type="LINE" missed="81" covered="0"/><counter type="COMPLEXITY" missed="20" covered="0"/><counter type="METHOD" missed="1" covered="0"/></method><method name="decrypt" desc="(Lorg/owasp/esapi/crypto/CipherText;)Lorg/owasp/esapi/crypto/PlainText;" line="530"><counter type="INSTRUCTION" missed="5" covered="0"/><counter type="LINE" missed="1" covered="0"/><counter type="COMPLEXITY" missed="1" covered="0"/><counter type="METHOD" missed="1" covered="0"/></method><method name="decrypt" desc="(Ljavax/crypto/SecretKey;Lorg/owasp/esapi/crypto/CipherText;)Lorg/owasp/esapi/crypto/PlainText;" line="539"><counter type="INSTRUCTION" missed="242" covered="0"/><counter type="BRANCH" missed="31" covered="0"/><counter type="LINE" missed="48" covered="0"/><counter type="COMPLEXITY" missed="17" covered="0"/><counter type="METHOD" missed="1" covered="0"/></method><method name="handleDecryption" desc="(Ljavax/crypto/SecretKey;Lorg/owasp/esapi/crypto/CipherText;)Lorg/owasp/esapi/crypto/PlainText;" line="646"><counter type="INSTRUCTION" missed="211" covered="0"/><counter type="BRANCH" missed="6" covered="0"/><counter type="LINE" missed="37" covered="0"/><counter type="COMPLEXITY" missed="4" covered="0"/><counter type="METHOD" missed="1" covered="0"/></method><method name="sign" desc="(Ljava/lang/String;)Ljava/lang/String;" line="729"><counter type="INSTRUCTION" missed="42" covered="0"/><counter type="LINE" missed="9" covered="0"/><counter type="COMPLEXITY" missed="1" covered="0"/><counter type="METHOD" missed="1" covered="0"/></method><method name="verifySignature" desc="(Ljava/lang/String;Ljava/lang/String;)Z" line="746"><counter type="INSTRUCTION" missed="37" covered="0"/><counter type="LINE" missed="8" covered="0"/><counter type="COMPLEXITY" missed="1" covered="0"/><counter type="METHOD" missed="1" covered="0"/></method><method name="seal" desc="(Ljava/lang/String;J)Ljava/lang/String;" line="767"><counter type="INSTRUCTION" missed="76" covered="0"/><counter type="BRANCH" missed="2" covered="0"/><counter type="LINE" missed="14" covered="0"/><counter type="COMPLEXITY" missed="2" covered="0"/><counter type="METHOD" missed="1" covered="0"/></method><method name="unseal" desc="(Ljava/lang/String;)Ljava/lang/String;" line="795"><counter type="INSTRUCTION" missed="142" covered="0"/><counter type="BRANCH" missed="6" covered="0"/><counter type="LINE" missed="26" covered="0"/><counter type="COMPLEXITY" missed="4" covered="0"/><counter type="METHOD" missed="1" covered="0"/></method><method name="verifySeal" desc="(Ljava/lang/String;)Z" line="840"><counter type="INSTRUCTION" missed="9" covered="0"/><counter type="LINE" missed="4" covered="0"/><counter type="COMPLEXITY" missed="1" covered="0"/><counter type="METHOD" missed="1" covered="0"/></method><method name="getTimeStamp" desc="()J" line="851"><counter type="INSTRUCTION" missed="5" covered="0"/><counter type="LINE" missed="1" covered="0"/><counter type="COMPLEXITY" missed="1" covered="0"/><counter type="METHOD" missed="1" covered="0"/></method><method name="getRelativeTimeStamp" desc="(J)J" line="858"><counter type="INSTRUCTION" missed="7" covered="0"/><counter type="LINE" missed="1" covered="0"/><counter type="COMPLEXITY" missed="1" covered="0"/><counter type="METHOD" missed="1" covered="0"/></method><method name="logWarning" desc="(Ljava/lang/String;Ljava/lang/String;)V" line="917"><counter type="INSTRUCTION" missed="64" covered="0"/><counter type="BRANCH" missed="6" covered="0"/><counter type="LINE" missed="11" covered="0"/><counter type="COMPLEXITY" missed="4" covered="0"/><counter type="METHOD" missed="1" covered="0"/></method><method name="getPRF" desc="(Ljava/lang/String;)Lorg/owasp/esapi/crypto/KeyDerivationFunction$PRF_ALGORITHMS;" line="936"><counter type="INSTRUCTION" missed="15" covered="0"/><counter type="BRANCH" missed="2" covered="0"/><counter type="LINE" missed="6" covered="0"/><counter type="COMPLEXITY" missed="2" covered="0"/><counter type="METHOD" missed="1" covered="0"/></method><method name="getDefaultPRF" desc="()Lorg/owasp/esapi/crypto/KeyDerivationFunction$PRF_ALGORITHMS;" line="947"><counter type="INSTRUCTION" missed="7" covered="0"/><counter type="LINE" missed="2" covered="0"/><counter type="COMPLEXITY" missed="1" covered="0"/><counter type="METHOD" missed="1" covered="0"/></method><method name="computeDerivedKey" desc="(ILorg/owasp/esapi/crypto/KeyDerivationFunction$PRF_ALGORITHMS;Ljavax/crypto/SecretKey;ILjava/lang/String;)Ljavax/crypto/SecretKey;" line="961"><counter type="INSTRUCTION" missed="97" covered="0"/><counter type="BRANCH" missed="28" covered="0"/><counter type="LINE" missed="10" covered="0"/><counter type="COMPLEXITY" missed="15" covered="0"/><counter type="METHOD" missed="1" covered="0"/></method><method name="setupAlgorithms" desc="()V" line="982"><counter type="INSTRUCTION" missed="25" covered="0"/><counter type="LINE" missed="9" covered="0"/><counter type="COMPLEXITY" missed="1" covered="0"/><counter type="METHOD" missed="1" covered="0"/></method><method name="initKeyPair" desc="(Ljava/security/SecureRandom;)V" line="995"><counter type="INSTRUCTION" missed="33" covered="0"/><counter type="BRANCH" missed="4" covered="0"/><counter type="LINE" missed="11" covered="0"/><counter type="COMPLEXITY" missed="3" covered="0"/><counter type="METHOD" missed="1" covered="0"/></method><method name="&lt;clinit&gt;" desc="()V" line="51"><counter type="INSTRUCTION" missed="56" covered="0"/><counter type="BRANCH" missed="2" covered="0"/><counter type="LINE" missed="24" covered="0"/><counter type="COMPLEXITY" missed="2" covered="0"/><counter type="METHOD" missed="1" covered="0"/></method><counter type="INSTRUCTION" missed="1968" covered="0"/><counter type="BRANCH" missed="159" covered="0"/><counter type="LINE" missed="386" covered="0"/><counter type="COMPLEXITY" missed="104" covered="0"/><counter type="METHOD" missed="24" covered="0"/><counter type="CLASS" missed="1" covered="0"/></class><class name="com/auteam/espaiencrip/DisplayEncryptedProperties"><method name="&lt;init&gt;" desc="()V" line="20"><counter type="INSTRUCTION" missed="3" covered="0"/><counter type="LINE" missed="2" covered="0"/><counter type="COMPLEXITY" missed="1" covered="0"/><counter type="METHOD" missed="1" covered="0"/></method><method name="loadProperties" desc="(Ljava/lang/String;Ljava/util/Properties;)V" line="27"><counter type="INSTRUCTION" missed="44" covered="0"/><counter type="BRANCH" missed="2" covered="0"/><counter type="LINE" missed="9" covered="0"/><counter type="COMPLEXITY" missed="2" covered="0"/><counter type="METHOD" missed="1" covered="0"/></method><method name="showProperties" desc="(Ljava/util/Properties;)V" line="43"><counter type="INSTRUCTION" missed="62" covered="0"/><counter type="LINE" missed="11" covered="0"/><counter type="COMPLEXITY" missed="1" covered="0"/><counter type="METHOD" missed="1" covered="0"/></method><method name="main" desc="([Ljava/lang/String;)V" line="59"><counter type="INSTRUCTION" missed="53" covered="0"/><counter type="BRANCH" missed="2" covered="0"/><counter type="LINE" missed="14" covered="0"/><counter type="COMPLEXITY" missed="2" covered="0"/><counter type="METHOD" missed="1" covered="0"/></method><counter type="INSTRUCTION" missed="162" covered="0"/><counter type="BRANCH" missed="4" covered="0"/><counter type="LINE" missed="36" covered="0"/><counter type="COMPLEXITY" missed="6" covered="0"/><counter type="METHOD" missed="4" covered="0"/><counter type="CLASS" missed="1" covered="0"/></class><class name="com/auteam/espaiencrip/Main"><method name="&lt;init&gt;" desc="()V" line="29"><counter type="INSTRUCTION" missed="3" covered="0"/><counter type="LINE" missed="1" covered="0"/><counter type="COMPLEXITY" missed="1" covered="0"/><counter type="METHOD" missed="1" covered="0"/></method><method name="main" desc="([Ljava/lang/String;)V" line="37"><counter type="INSTRUCTION" missed="341" covered="0"/><counter type="BRANCH" missed="30" covered="0"/><counter type="LINE" missed="64" covered="0"/><counter type="COMPLEXITY" missed="16" covered="0"/><counter type="METHOD" missed="1" covered="0"/></method><method name="&lt;clinit&gt;" desc="()V" line="30"><counter type="INSTRUCTION" missed="7" covered="0"/><counter type="LINE" missed="3" covered="0"/><counter type="COMPLEXITY" missed="1" covered="0"/><counter type="METHOD" missed="1" covered="0"/></method><counter type="INSTRUCTION" missed="351" covered="0"/><counter type="BRANCH" missed="30" covered="0"/><counter type="LINE" missed="68" covered="0"/><counter type="COMPLEXITY" missed="18" covered="0"/><counter type="METHOD" missed="3" covered="0"/><counter type="CLASS" missed="1" covered="0"/></class><sourcefile name="JavaEncryptor.java"><line nr="51" mi="7" ci="0" mb="2" cb="0"/><line nr="58" mi="2" ci="0" mb="2" cb="0"/><line nr="59" mi="4" ci="0" mb="0" cb="0"/><line nr="60" mi="2" ci="0" mb="2" cb="0"/><line nr="61" mi="4" ci="0" mb="0" cb="0"/><line nr="63" mi="8" ci="0" mb="0" cb="0"/><line nr="65" mi="2" ci="0" mb="0" cb="0"/><line nr="68" mi="2" ci="0" mb="0" cb="0"/><line nr="71" mi="2" ci="0" mb="0" cb="0"/><line nr="72" mi="2" ci="0" mb="0" cb="0"/><line nr="73" mi="2" ci="0" mb="0" cb="0"/><line nr="74" mi="2" ci="0" mb="0" cb="0"/><line nr="77" mi="2" ci="0" mb="0" cb="0"/><line nr="78" mi="2" ci="0" mb="0" cb="0"/><line nr="79" mi="2" ci="0" mb="0" cb="0"/><line nr="80" mi="2" ci="0" mb="0" cb="0"/><line nr="81" mi="2" ci="0" mb="0" cb="0"/><line nr="84" mi="2" ci="0" mb="0" cb="0"/><line nr="85" mi="2" ci="0" mb="0" cb="0"/><line nr="90" mi="3" ci="0" mb="0" cb="0"/><line nr="92" mi="2" ci="0" mb="0" cb="0"/><line nr="93" mi="2" ci="0" mb="0" cb="0"/><line nr="111" mi="2" ci="0" mb="0" cb="0"/><line nr="116" mi="2" ci="0" mb="0" cb="0"/><line nr="117" mi="1" ci="0" mb="0" cb="0"/><line nr="119" mi="5" ci="0" mb="0" cb="0"/><line nr="121" mi="5" ci="0" mb="0" cb="0"/><line nr="122" mi="1" ci="0" mb="0" cb="0"/><line nr="123" mi="1" ci="0" mb="0" cb="0"/><line nr="124" mi="1" ci="0" mb="0" cb="0"/><line nr="134" mi="3" ci="0" mb="0" cb="0"/><line nr="137" mi="10" ci="0" mb="4" cb="0"/><line nr="138" mi="3" ci="0" mb="0" cb="0"/><line nr="140" mi="2" ci="0" mb="0" cb="0"/><line nr="141" mi="4" ci="0" mb="0" cb="0"/><line nr="150" mi="8" ci="0" mb="2" cb="0"/><line nr="156" mi="19" ci="0" mb="0" cb="0"/><line nr="157" mi="6" ci="0" mb="0" cb="0"/><line nr="158" mi="3" ci="0" mb="2" cb="0"/><line nr="159" mi="4" ci="0" mb="0" cb="0"/><line nr="160" mi="6" ci="0" mb="0" cb="0"/><line nr="161" mi="5" ci="0" mb="0" cb="0"/><line nr="162" mi="14" ci="0" mb="0" cb="0"/><line nr="163" mi="1" ci="0" mb="0" cb="0"/><line nr="166" mi="3" ci="0" mb="0" cb="0"/><line nr="167" mi="3" ci="0" mb="0" cb="0"/><line nr="168" mi="3" ci="0" mb="2" cb="0"/><line nr="169" mi="4" ci="0" mb="0" cb="0"/><line nr="170" mi="4" ci="0" mb="0" cb="0"/><line nr="171" mi="4" ci="0" mb="0" cb="0"/><line nr="172" mi="14" ci="0" mb="0" cb="0"/><line nr="173" mi="1" ci="0" mb="0" cb="0"/><line nr="174" mi="1" ci="0" mb="0" cb="0"/><line nr="176" mi="3" ci="0" mb="0" cb="0"/><line nr="182" mi="3" ci="0" mb="0" cb="0"/><line nr="183" mi="3" ci="0" mb="0" cb="0"/><line nr="184" mi="3" ci="0" mb="0" cb="0"/><line nr="186" mi="3" ci="0" mb="0" cb="0"/><line nr="187" mi="4" ci="0" mb="0" cb="0"/><line nr="188" mi="3" ci="0" mb="0" cb="0"/><line nr="189" mi="3" ci="0" mb="0" cb="0"/><line nr="190" mi="3" ci="0" mb="0" cb="0"/><line nr="191" mi="4" ci="0" mb="0" cb="0"/><line nr="192" mi="12" ci="0" mb="0" cb="0"/><line nr="193" mi="3" ci="0" mb="0" cb="0"/><line nr="194" mi="13" ci="0" mb="0" cb="0"/><line nr="195" mi="13" ci="0" mb="0" cb="0"/><line nr="196" mi="10" ci="0" mb="0" cb="0"/><line nr="197" mi="1" ci="0" mb="0" cb="0"/><line nr="205" mi="2" ci="0" mb="0" cb="0"/><line nr="206" mi="3" ci="0" mb="0" cb="0"/><line nr="207" mi="3" ci="0" mb="0" cb="0"/><line nr="209" mi="9" ci="0" mb="4" cb="0"/><line nr="210" mi="21" ci="0" mb="4" cb="0"/><line nr="212" mi="9" ci="0" mb="4" cb="0"/><line nr="213" mi="21" ci="0" mb="4" cb="0"/><line nr="224" mi="4" ci="0" mb="0" cb="0"/><line nr="225" mi="2" ci="0" mb="2" cb="0"/><line nr="235" mi="6" ci="0" mb="0" cb="0"/><line nr="241" mi="3" ci="0" mb="0" cb="0"/><line nr="247" mi="15" ci="0" mb="0" cb="0"/><line nr="248" mi="3" ci="0" mb="0" cb="0"/><line nr="249" mi="2" ci="0" mb="0" cb="0"/><line nr="250" mi="1" ci="0" mb="0" cb="0"/><line nr="251" mi="7" ci="0" mb="0" cb="0"/><line nr="252" mi="1" ci="0" mb="0" cb="0"/><line nr="255" mi="2" ci="0" mb="0" cb="0"/><line nr="257" mi="8" ci="0" mb="0" cb="0"/><line nr="258" mi="1" ci="0" mb="0" cb="0"/><line nr="269" mi="6" ci="0" mb="0" cb="0"/><line nr="280" mi="2" ci="0" mb="0" cb="0"/><line nr="282" mi="3" ci="0" mb="0" cb="0"/><line nr="283" mi="2" ci="0" mb="0" cb="0"/><line nr="284" mi="4" ci="0" mb="0" cb="0"/><line nr="285" mi="5" ci="0" mb="0" cb="0"/><line nr="286" mi="5" ci="0" mb="0" cb="0"/><line nr="289" mi="3" ci="0" mb="0" cb="0"/><line nr="290" mi="7" ci="0" mb="2" cb="0"/><line nr="291" mi="2" ci="0" mb="0" cb="0"/><line nr="292" mi="4" ci="0" mb="0" cb="0"/><line nr="294" mi="5" ci="0" mb="0" cb="0"/><line nr="295" mi="2" ci="0" mb="0" cb="0"/><line nr="296" mi="1" ci="0" mb="0" cb="0"/><line nr="297" mi="14" ci="0" mb="0" cb="0"/><line nr="298" mi="1" ci="0" mb="0" cb="0"/><line nr="299" mi="14" ci="0" mb="0" cb="0"/><line nr="308" mi="5" ci="0" mb="0" cb="0"/><line nr="317" mi="2" ci="0" mb="2" cb="0"/><line nr="318" mi="5" ci="0" mb="0" cb="0"/><line nr="320" mi="2" ci="0" mb="2" cb="0"/><line nr="321" mi="5" ci="0" mb="0" cb="0"/><line nr="323" mi="3" ci="0" mb="0" cb="0"/><line nr="324" mi="3" ci="0" mb="0" cb="0"/><line nr="326" mi="2" ci="0" mb="0" cb="0"/><line nr="327" mi="2" ci="0" mb="0" cb="0"/><line nr="328" mi="6" ci="0" mb="0" cb="0"/><line nr="331" mi="3" ci="0" mb="0" cb="0"/><line nr="332" mi="4" ci="0" mb="0" cb="0"/><line nr="333" mi="18" ci="0" mb="4" cb="0"/><line nr="334" mi="4" ci="0" mb="0" cb="0"/><line nr="342" mi="3" ci="0" mb="2" cb="0"/><line nr="343" mi="26" ci="0" mb="0" cb="0"/><line nr="354" mi="3" ci="0" mb="0" cb="0"/><line nr="355" mi="3" ci="0" mb="0" cb="0"/><line nr="356" mi="3" ci="0" mb="0" cb="0"/><line nr="393" mi="3" ci="0" mb="2" cb="0"/><line nr="395" mi="17" ci="0" mb="0" cb="0"/><line nr="401" mi="3" ci="0" mb="2" cb="0"/><line nr="407" mi="19" ci="0" mb="0" cb="0"/><line nr="410" mi="3" ci="0" mb="2" cb="0"/><line nr="412" mi="17" ci="0" mb="0" cb="0"/><line nr="421" mi="3" ci="0" mb="0" cb="0"/><line nr="422" mi="15" ci="0" mb="4" cb="0"/><line nr="427" mi="19" ci="0" mb="0" cb="0"/><line nr="431" mi="2" ci="0" mb="0" cb="0"/><line nr="432" mi="6" ci="0" mb="0" cb="0"/><line nr="438" mi="3" ci="0" mb="0" cb="0"/><line nr="439" mi="2" ci="0" mb="0" cb="0"/><line nr="440" mi="2" ci="0" mb="2" cb="0"/><line nr="441" mi="3" ci="0" mb="0" cb="0"/><line nr="443" mi="9" ci="0" mb="0" cb="0"/><line nr="447" mi="3" ci="0" mb="2" cb="0"/><line nr="448" mi="3" ci="0" mb="0" cb="0"/><line nr="449" mi="2" ci="0" mb="0" cb="0"/><line nr="450" mi="4" ci="0" mb="2" cb="0"/><line nr="451" mi="6" ci="0" mb="0" cb="0"/><line nr="452" mi="4" ci="0" mb="2" cb="0"/><line nr="453" mi="3" ci="0" mb="0" cb="0"/><line nr="454" mi="3" ci="0" mb="0" cb="0"/><line nr="468" mi="1" ci="0" mb="0" cb="0"/><line nr="470" mi="5" ci="0" mb="0" cb="0"/><line nr="472" mi="5" ci="0" mb="0" cb="0"/><line nr="473" mi="4" ci="0" mb="0" cb="0"/><line nr="474" mi="5" ci="0" mb="0" cb="0"/><line nr="475" mi="1" ci="0" mb="0" cb="0"/><line nr="476" mi="4" ci="0" mb="0" cb="0"/><line nr="478" mi="11" ci="0" mb="0" cb="0"/><line nr="479" mi="4" ci="0" mb="0" cb="0"/><line nr="481" mi="6" ci="0" mb="0" cb="0"/><line nr="486" mi="2" ci="0" mb="2" cb="0"/><line nr="488" mi="9" ci="0" mb="0" cb="0"/><line nr="490" mi="3" ci="0" mb="0" cb="0"/><line nr="492" mi="4" ci="0" mb="0" cb="0"/><line nr="493" mi="2" ci="0" mb="0" cb="0"/><line nr="494" mi="4" ci="0" mb="0" cb="0"/><line nr="495" mi="1" ci="0" mb="0" cb="0"/><line nr="496" mi="13" ci="0" mb="0" cb="0"/><line nr="498" mi="6" ci="0" mb="0" cb="0"/><line nr="499" mi="1" ci="0" mb="0" cb="0"/><line nr="500" mi="7" ci="0" mb="0" cb="0"/><line nr="502" mi="1" ci="0" mb="0" cb="0"/><line nr="503" mi="9" ci="0" mb="0" cb="0"/><line nr="504" mi="6" ci="0" mb="0" cb="0"/><line nr="505" mi="1" ci="0" mb="0" cb="0"/><line nr="506" mi="13" ci="0" mb="0" cb="0"/><line nr="507" mi="6" ci="0" mb="0" cb="0"/><line nr="508" mi="1" ci="0" mb="0" cb="0"/><line nr="509" mi="9" ci="0" mb="0" cb="0"/><line nr="510" mi="6" ci="0" mb="0" cb="0"/><line nr="511" mi="1" ci="0" mb="0" cb="0"/><line nr="512" mi="13" ci="0" mb="0" cb="0"/><line nr="513" mi="6" ci="0" mb="0" cb="0"/><line nr="514" mi="1" ci="0" mb="0" cb="0"/><line nr="515" mi="13" ci="0" mb="0" cb="0"/><line nr="516" mi="6" ci="0" mb="0" cb="0"/><line nr="519" mi="9" ci="0" mb="8" cb="0"/><line nr="520" mi="4" ci="0" mb="0" cb="0"/><line nr="522" mi="2" ci="0" mb="0" cb="0"/><line nr="530" mi="5" ci="0" mb="0" cb="0"/><line nr="539" mi="2" ci="0" mb="0" cb="0"/><line nr="540" mi="2" ci="0" mb="2" cb="0"/><line nr="541" mi="5" ci="0" mb="0" cb="0"/><line nr="543" mi="2" ci="0" mb="2" cb="0"/><line nr="544" mi="5" ci="0" mb="0" cb="0"/><line nr="547" mi="4" ci="0" mb="2" cb="0"/><line nr="553" mi="9" ci="0" mb="0" cb="0"/><line nr="554" mi="7" ci="0" mb="0" cb="0"/><line nr="557" mi="11" ci="0" mb="0" cb="0"/><line nr="561" mi="2" ci="0" mb="0" cb="0"/><line nr="562" mi="2" ci="0" mb="0" cb="0"/><line nr="563" mi="2" ci="0" mb="0" cb="0"/><line nr="566" mi="4" ci="0" mb="0" cb="0"/><line nr="567" mi="2" ci="0" mb="2" cb="0"/><line nr="578" mi="5" ci="0" mb="0" cb="0"/><line nr="579" mi="1" ci="0" mb="0" cb="0"/><line nr="581" mi="1" ci="0" mb="0" cb="0"/><line nr="582" mi="13" ci="0" mb="0" cb="0"/><line nr="586" mi="1" ci="0" mb="0" cb="0"/><line nr="588" mi="5" ci="0" mb="0" cb="0"/><line nr="589" mi="1" ci="0" mb="0" cb="0"/><line nr="590" mi="1" ci="0" mb="0" cb="0"/><line nr="591" mi="2" ci="0" mb="0" cb="0"/><line nr="592" mi="2" ci="0" mb="0" cb="0"/><line nr="593" mi="2" ci="0" mb="3" cb="0"/><line nr="595" mi="2" ci="0" mb="0" cb="0"/><line nr="596" mi="1" ci="0" mb="0" cb="0"/><line nr="598" mi="2" ci="0" mb="0" cb="0"/><line nr="599" mi="1" ci="0" mb="0" cb="0"/><line nr="601" mi="9" ci="0" mb="0" cb="0"/><line nr="604" mi="4" ci="0" mb="0" cb="0"/><line nr="605" mi="2" ci="0" mb="0" cb="0"/><line nr="608" mi="5" ci="0" mb="4" cb="0"/><line nr="614" mi="4" ci="0" mb="0" cb="0"/><line nr="615" mi="8" ci="0" mb="0" cb="0"/><line nr="616" mi="4" ci="0" mb="0" cb="0"/><line nr="617" mi="10" ci="0" mb="0" cb="0"/><line nr="618" mi="8" ci="0" mb="4" cb="0"/><line nr="620" mi="8" ci="0" mb="0" cb="0"/><line nr="626" mi="8" ci="0" mb="0" cb="0"/><line nr="627" mi="12" ci="0" mb="0" cb="0"/><line nr="628" mi="44" ci="0" mb="12" cb="0"/><line nr="631" mi="8" ci="0" mb="0" cb="0"/><line nr="632" mi="2" ci="0" mb="0" cb="0"/><line nr="634" mi="2" ci="0" mb="0" cb="0"/><line nr="636" mi="1" ci="0" mb="0" cb="0"/><line nr="637" mi="2" ci="0" mb="0" cb="0"/><line nr="638" mi="2" ci="0" mb="0" cb="0"/><line nr="646" mi="2" ci="0" mb="0" cb="0"/><line nr="648" mi="4" ci="0" mb="0" cb="0"/><line nr="649" mi="6" ci="0" mb="0" cb="0"/><line nr="655" mi="4" ci="0" mb="0" cb="0"/><line nr="656" mi="2" ci="0" mb="0" cb="0"/><line nr="657" mi="2" ci="0" mb="2" cb="0"/><line nr="658" mi="3" ci="0" mb="0" cb="0"/><line nr="674" mi="10" ci="0" mb="0" cb="0"/><line nr="677" mi="3" ci="0" mb="2" cb="0"/><line nr="678" mi="10" ci="0" mb="0" cb="0"/><line nr="680" mi="4" ci="0" mb="0" cb="0"/><line nr="682" mi="5" ci="0" mb="0" cb="0"/><line nr="683" mi="5" ci="0" mb="0" cb="0"/><line nr="685" mi="1" ci="0" mb="0" cb="0"/><line nr="686" mi="7" ci="0" mb="0" cb="0"/><line nr="687" mi="1" ci="0" mb="0" cb="0"/><line nr="688" mi="9" ci="0" mb="0" cb="0"/><line nr="689" mi="11" ci="0" mb="0" cb="0"/><line nr="690" mi="1" ci="0" mb="0" cb="0"/><line nr="691" mi="9" ci="0" mb="0" cb="0"/><line nr="692" mi="10" ci="0" mb="0" cb="0"/><line nr="693" mi="6" ci="0" mb="0" cb="0"/><line nr="694" mi="1" ci="0" mb="0" cb="0"/><line nr="695" mi="15" ci="0" mb="0" cb="0"/><line nr="696" mi="1" ci="0" mb="0" cb="0"/><line nr="697" mi="15" ci="0" mb="0" cb="0"/><line nr="698" mi="1" ci="0" mb="0" cb="0"/><line nr="707" mi="10" ci="0" mb="0" cb="0"/><line nr="709" mi="1" ci="0" mb="0" cb="0"/><line nr="710" mi="9" ci="0" mb="0" cb="0"/><line nr="711" mi="6" ci="0" mb="0" cb="0"/><line nr="712" mi="1" ci="0" mb="0" cb="0"/><line nr="713" mi="4" ci="0" mb="0" cb="0"/><line nr="714" mi="2" ci="0" mb="2" cb="0"/><line nr="715" mi="15" ci="0" mb="0" cb="0"/><line nr="717" mi="9" ci="0" mb="0" cb="0"/><line nr="719" mi="6" ci="0" mb="0" cb="0"/><line nr="729" mi="3" ci="0" mb="0" cb="0"/><line nr="730" mi="3" ci="0" mb="0" cb="0"/><line nr="731" mi="5" ci="0" mb="0" cb="0"/><line nr="732" mi="3" ci="0" mb="0" cb="0"/><line nr="733" mi="5" ci="0" mb="0" cb="0"/><line nr="734" mi="1" ci="0" mb="0" cb="0"/><line nr="735" mi="7" ci="0" mb="0" cb="0"/><line nr="736" mi="1" ci="0" mb="0" cb="0"/><line nr="737" mi="14" ci="0" mb="0" cb="0"/><line nr="746" mi="4" ci="0" mb="0" cb="0"/><line nr="747" mi="3" ci="0" mb="0" cb="0"/><line nr="748" mi="3" ci="0" mb="0" cb="0"/><line nr="749" mi="5" ci="0" mb="0" cb="0"/><line nr="750" mi="4" ci="0" mb="0" cb="0"/><line nr="751" mi="1" ci="0" mb="0" cb="0"/><line nr="755" mi="15" ci="0" mb="0" cb="0"/><line nr="756" mi="2" ci="0" mb="0" cb="0"/><line nr="767" mi="2" ci="0" mb="2" cb="0"/><line nr="768" mi="5" ci="0" mb="0" cb="0"/><line nr="772" mi="2" ci="0" mb="0" cb="0"/><line nr="774" mi="7" ci="0" mb="0" cb="0"/><line nr="775" mi="1" ci="0" mb="0" cb="0"/><line nr="777" mi="1" ci="0" mb="0" cb="0"/><line nr="779" mi="5" ci="0" mb="0" cb="0"/><line nr="780" mi="15" ci="0" mb="0" cb="0"/><line nr="782" mi="4" ci="0" mb="0" cb="0"/><line nr="783" mi="16" ci="0" mb="0" cb="0"/><line nr="784" mi="6" ci="0" mb="0" cb="0"/><line nr="785" mi="2" ci="0" mb="0" cb="0"/><line nr="786" mi="1" ci="0" mb="0" cb="0"/><line nr="787" mi="9" ci="0" mb="0" cb="0"/><line nr="795" mi="2" ci="0" mb="0" cb="0"/><line nr="797" mi="4" ci="0" mb="0" cb="0"/><line nr="798" mi="2" ci="0" mb="0" cb="0"/><line nr="800" mi="3" ci="0" mb="0" cb="0"/><line nr="801" mi="1" ci="0" mb="0" cb="0"/><line nr="804" mi="13" ci="0" mb="0" cb="0"/><line nr="806" mi="1" ci="0" mb="0" cb="0"/><line nr="807" mi="4" ci="0" mb="0" cb="0"/><line nr="809" mi="5" ci="0" mb="0" cb="0"/><line nr="810" mi="4" ci="0" mb="2" cb="0"/><line nr="811" mi="6" ci="0" mb="0" cb="0"/><line nr="814" mi="4" ci="0" mb="0" cb="0"/><line nr="815" mi="5" ci="0" mb="0" cb="0"/><line nr="816" mi="3" ci="0" mb="0" cb="0"/><line nr="817" mi="4" ci="0" mb="2" cb="0"/><line nr="818" mi="18" ci="0" mb="0" cb="0"/><line nr="820" mi="4" ci="0" mb="0" cb="0"/><line nr="821" mi="4" ci="0" mb="0" cb="0"/><line nr="822" mi="4" ci="0" mb="0" cb="0"/><line nr="823" mi="18" ci="0" mb="2" cb="0"/><line nr="824" mi="6" ci="0" mb="0" cb="0"/><line nr="826" mi="8" ci="0" mb="0" cb="0"/><line nr="827" mi="1" ci="0" mb="0" cb="0"/><line nr="828" mi="2" ci="0" mb="0" cb="0"/><line nr="829" mi="1" ci="0" mb="0" cb="0"/><line nr="830" mi="15" ci="0" mb="0" cb="0"/><line nr="840" mi="4" ci="0" mb="0" cb="0"/><line nr="841" mi="2" ci="0" mb="0" cb="0"/><line nr="842" mi="1" ci="0" mb="0" cb="0"/><line nr="843" mi="2" ci="0" mb="0" cb="0"/><line nr="851" mi="5" ci="0" mb="0" cb="0"/><line nr="858" mi="7" ci="0" mb="0" cb="0"/><line nr="917" mi="2" ci="0" mb="0" cb="0"/><line nr="918" mi="4" ci="0" mb="2" cb="0"/><line nr="919" mi="6" ci="0" mb="0" cb="0"/><line nr="920" mi="12" ci="0" mb="0" cb="0"/><line nr="921" mi="4" ci="0" mb="2" cb="0"/><line nr="922" mi="6" ci="0" mb="0" cb="0"/><line nr="923" mi="12" ci="0" mb="0" cb="0"/><line nr="925" mi="2" ci="0" mb="0" cb="0"/><line nr="930" mi="4" ci="0" mb="2" cb="0"/><line nr="931" mi="11" ci="0" mb="0" cb="0"/><line nr="933" mi="1" ci="0" mb="0" cb="0"/><line nr="936" mi="2" ci="0" mb="0" cb="0"/><line nr="937" mi="2" ci="0" mb="2" cb="0"/><line nr="938" mi="4" ci="0" mb="0" cb="0"/><line nr="940" mi="2" ci="0" mb="0" cb="0"/><line nr="942" mi="3" ci="0" mb="0" cb="0"/><line nr="943" mi="2" ci="0" mb="0" cb="0"/><line nr="947" mi="3" ci="0" mb="0" cb="0"/><line nr="948" mi="4" ci="0" mb="0" cb="0"/><line nr="961" mi="9" ci="0" mb="4" cb="0"/><line nr="962" mi="9" ci="0" mb="4" cb="0"/><line nr="966" mi="19" ci="0" mb="4" cb="0"/><line nr="967" mi="20" ci="0" mb="4" cb="0"/><line nr="968" mi="9" ci="0" mb="4" cb="0"/><line nr="969" mi="15" ci="0" mb="6" cb="0"/><line nr="972" mi="5" ci="0" mb="0" cb="0"/><line nr="973" mi="2" ci="0" mb="2" cb="0"/><line nr="974" mi="3" ci="0" mb="0" cb="0"/><line nr="976" mi="6" ci="0" mb="0" cb="0"/><line nr="982" mi="3" ci="0" mb="0" cb="0"/><line nr="983" mi="3" ci="0" mb="0" cb="0"/><line nr="984" mi="3" ci="0" mb="0" cb="0"/><line nr="985" mi="3" ci="0" mb="0" cb="0"/><line nr="986" mi="3" ci="0" mb="0" cb="0"/><line nr="987" mi="3" ci="0" mb="0" cb="0"/><line nr="988" mi="3" ci="0" mb="0" cb="0"/><line nr="989" mi="3" ci="0" mb="0" cb="0"/><line nr="990" mi="1" ci="0" mb="0" cb="0"/><line nr="995" mi="3" ci="0" mb="0" cb="0"/><line nr="996" mi="4" ci="0" mb="2" cb="0"/><line nr="1009" mi="3" ci="0" mb="0" cb="0"/><line nr="1010" mi="4" ci="0" mb="2" cb="0"/><line nr="1012" mi="2" ci="0" mb="0" cb="0"/><line nr="1014" mi="3" ci="0" mb="0" cb="0"/><line nr="1015" mi="4" ci="0" mb="0" cb="0"/><line nr="1016" mi="3" ci="0" mb="0" cb="0"/><line nr="1017" mi="3" ci="0" mb="0" cb="0"/><line nr="1018" mi="3" ci="0" mb="0" cb="0"/><line nr="1019" mi="1" ci="0" mb="0" cb="0"/><counter type="INSTRUCTION" missed="1968" covered="0"/><counter type="BRANCH" missed="159" covered="0"/><counter type="LINE" missed="386" covered="0"/><counter type="COMPLEXITY" missed="104" covered="0"/><counter type="METHOD" missed="24" covered="0"/><counter type="CLASS" missed="1" covered="0"/></sourcefile><sourcefile name="Main.java"><line nr="29" mi="3" ci="0" mb="0" cb="0"/><line nr="30" mi="2" ci="0" mb="0" cb="0"/><line nr="31" mi="2" ci="0" mb="0" cb="0"/><line nr="32" mi="3" ci="0" mb="0" cb="0"/><line nr="37" mi="18" ci="0" mb="0" cb="0"/><line nr="39" mi="2" ci="0" mb="0" cb="0"/><line nr="40" mi="4" ci="0" mb="0" cb="0"/><line nr="42" mi="6" ci="0" mb="2" cb="0"/><line nr="44" mi="7" ci="0" mb="0" cb="0"/><line nr="45" mi="13" ci="0" mb="0" cb="0"/><line nr="46" mi="6" ci="0" mb="2" cb="0"/><line nr="47" mi="13" ci="0" mb="0" cb="0"/><line nr="49" mi="4" ci="0" mb="0" cb="0"/><line nr="50" mi="2" ci="0" mb="0" cb="0"/><line nr="52" mi="2" ci="0" mb="0" cb="0"/><line nr="54" mi="5" ci="0" mb="0" cb="0"/><line nr="55" mi="5" ci="0" mb="0" cb="0"/><line nr="56" mi="3" ci="0" mb="0" cb="0"/><line nr="57" mi="8" ci="0" mb="0" cb="0"/><line nr="58" mi="2" ci="0" mb="0" cb="0"/><line nr="59" mi="3" ci="0" mb="0" cb="0"/><line nr="62" mi="3" ci="0" mb="0" cb="0"/><line nr="63" mi="3" ci="0" mb="0" cb="0"/><line nr="64" mi="3" ci="0" mb="0" cb="0"/><line nr="65" mi="3" ci="0" mb="0" cb="0"/><line nr="66" mi="10" ci="0" mb="8" cb="0"/><line nr="67" mi="5" ci="0" mb="0" cb="0"/><line nr="69" mi="5" ci="0" mb="4" cb="0"/><line nr="70" mi="4" ci="0" mb="0" cb="0"/><line nr="76" mi="13" ci="0" mb="4" cb="0"/><line nr="78" mi="12" ci="0" mb="4" cb="0"/><line nr="79" mi="3" ci="0" mb="0" cb="0"/><line nr="81" mi="3" ci="0" mb="0" cb="0"/><line nr="82" mi="3" ci="0" mb="0" cb="0"/><line nr="83" mi="3" ci="0" mb="0" cb="0"/><line nr="84" mi="4" ci="0" mb="0" cb="0"/><line nr="85" mi="3" ci="0" mb="2" cb="0"/><line nr="86" mi="4" ci="0" mb="0" cb="0"/><line nr="87" mi="4" ci="0" mb="0" cb="0"/><line nr="88" mi="14" ci="0" mb="0" cb="0"/><line nr="89" mi="1" ci="0" mb="0" cb="0"/><line nr="90" mi="7" ci="0" mb="2" cb="0"/><line nr="92" mi="4" ci="0" mb="0" cb="0"/><line nr="93" mi="4" ci="0" mb="0" cb="0"/><line nr="94" mi="4" ci="0" mb="0" cb="0"/><line nr="96" mi="1" ci="0" mb="0" cb="0"/><line nr="97" mi="16" ci="0" mb="0" cb="0"/><line nr="99" mi="3" ci="0" mb="0" cb="0"/><line nr="100" mi="2" ci="0" mb="0" cb="0"/><line nr="102" mi="6" ci="0" mb="2" cb="0"/><line nr="105" mi="3" ci="0" mb="0" cb="0"/><line nr="110" mi="3" ci="0" mb="0" cb="0"/><line nr="111" mi="3" ci="0" mb="0" cb="0"/><line nr="112" mi="3" ci="0" mb="0" cb="0"/><line nr="114" mi="3" ci="0" mb="0" cb="0"/><line nr="115" mi="4" ci="0" mb="0" cb="0"/><line nr="117" mi="3" ci="0" mb="0" cb="0"/><line nr="118" mi="3" ci="0" mb="0" cb="0"/><line nr="119" mi="3" ci="0" mb="0" cb="0"/><line nr="120" mi="4" ci="0" mb="0" cb="0"/><line nr="121" mi="12" ci="0" mb="0" cb="0"/><line nr="122" mi="3" ci="0" mb="0" cb="0"/><line nr="123" mi="13" ci="0" mb="0" cb="0"/><line nr="124" mi="13" ci="0" mb="0" cb="0"/><line nr="125" mi="10" ci="0" mb="0" cb="0"/><line nr="127" mi="1" ci="0" mb="0" cb="0"/><line nr="128" mi="3" ci="0" mb="0" cb="0"/><line nr="131" mi="1" ci="0" mb="0" cb="0"/><counter type="INSTRUCTION" missed="351" covered="0"/><counter type="BRANCH" missed="30" covered="0"/><counter type="LINE" missed="68" covered="0"/><counter type="COMPLEXITY" missed="18" covered="0"/><counter type="METHOD" missed="3" covered="0"/><counter type="CLASS" missed="1" covered="0"/></sourcefile><sourcefile name="DefaultEncryptedProperties.java"><line nr="33" mi="5" ci="0" mb="0" cb="0"/><line nr="36" mi="4" ci="0" mb="0" cb="0"/><line nr="41" mi="2" ci="0" mb="0" cb="0"/><line nr="43" mi="1" ci="0" mb="0" cb="0"/><line nr="47" mi="15" ci="0" mb="0" cb="0"/><line nr="52" mi="2" ci="0" mb="0" cb="0"/><line nr="54" mi="5" ci="0" mb="0" cb="0"/><line nr="56" mi="2" ci="0" mb="2" cb="0"/><line nr="57" mi="2" ci="0" mb="0" cb="0"/><line nr="59" mi="2" ci="0" mb="0" cb="0"/><line nr="60" mi="4" ci="0" mb="0" cb="0"/><line nr="61" mi="1" ci="0" mb="0" cb="0"/><line nr="62" mi="3" ci="0" mb="0" cb="0"/><line nr="63" mi="1" ci="0" mb="0" cb="0"/><line nr="64" mi="4" ci="0" mb="0" cb="0"/><line nr="66" mi="3" ci="0" mb="0" cb="0"/><line nr="67" mi="1" ci="0" mb="0" cb="0"/><line nr="68" mi="18" ci="0" mb="0" cb="0"/><line nr="76" mi="19" ci="0" mb="0" cb="0"/><line nr="83" mi="2" ci="0" mb="0" cb="0"/><line nr="85" mi="2" ci="0" mb="2" cb="0"/><line nr="86" mi="5" ci="0" mb="0" cb="0"/><line nr="88" mi="2" ci="0" mb="2" cb="0"/><line nr="89" mi="5" ci="0" mb="0" cb="0"/><line nr="92" mi="5" ci="0" mb="0" cb="0"/><line nr="93" mi="4" ci="0" mb="0" cb="0"/><line nr="95" mi="1" ci="0" mb="0" cb="0"/><line nr="96" mi="11" ci="0" mb="0" cb="0"/><line nr="97" mi="11" ci="0" mb="0" cb="0"/><line nr="98" mi="11" ci="0" mb="0" cb="0"/><line nr="99" mi="11" ci="0" mb="0" cb="0"/><line nr="100" mi="12" ci="0" mb="0" cb="0"/><line nr="101" mi="12" ci="0" mb="0" cb="0"/><line nr="102" mi="11" ci="0" mb="0" cb="0"/><line nr="106" mi="3" ci="0" mb="0" cb="0"/><line nr="108" mi="1" ci="0" mb="0" cb="0"/><line nr="109" mi="5" ci="0" mb="0" cb="0"/><line nr="110" mi="10" ci="0" mb="0" cb="0"/><line nr="111" mi="1" ci="0" mb="0" cb="0"/><line nr="112" mi="7" ci="0" mb="0" cb="0"/><line nr="114" mi="1" ci="0" mb="0" cb="0"/><line nr="115" mi="2" ci="0" mb="0" cb="0"/><line nr="116" mi="1" ci="0" mb="0" cb="0"/><line nr="117" mi="18" ci="0" mb="0" cb="0"/><line nr="125" mi="4" ci="0" mb="0" cb="0"/><line nr="130" mi="4" ci="0" mb="0" cb="0"/><line nr="131" mi="5" ci="0" mb="0" cb="0"/><line nr="132" mi="1" ci="0" mb="0" cb="0"/><line nr="136" mi="5" ci="0" mb="0" cb="0"/><line nr="137" mi="1" ci="0" mb="0" cb="0"/><line nr="141" mi="7" ci="0" mb="0" cb="0"/><line nr="142" mi="13" ci="0" mb="0" cb="0"/><line nr="143" mi="16" ci="0" mb="2" cb="0"/><line nr="144" mi="13" ci="0" mb="0" cb="0"/><line nr="145" mi="4" ci="0" mb="0" cb="0"/><line nr="147" mi="2" ci="0" mb="0" cb="0"/><line nr="148" mi="2" ci="0" mb="0" cb="0"/><line nr="150" mi="5" ci="0" mb="0" cb="0"/><line nr="151" mi="5" ci="0" mb="0" cb="0"/><line nr="153" mi="3" ci="0" mb="0" cb="0"/><line nr="154" mi="8" ci="0" mb="0" cb="0"/><line nr="155" mi="2" ci="0" mb="0" cb="0"/><line nr="157" mi="3" ci="0" mb="0" cb="0"/><line nr="158" mi="3" ci="0" mb="0" cb="0"/><line nr="159" mi="3" ci="0" mb="0" cb="0"/><line nr="160" mi="3" ci="0" mb="0" cb="0"/><line nr="161" mi="10" ci="0" mb="8" cb="0"/><line nr="162" mi="5" ci="0" mb="0" cb="0"/><line nr="164" mi="5" ci="0" mb="4" cb="0"/><line nr="165" mi="4" ci="0" mb="0" cb="0"/><line nr="169" mi="13" ci="0" mb="4" cb="0"/><line nr="170" mi="12" ci="0" mb="4" cb="0"/><line nr="171" mi="3" ci="0" mb="0" cb="0"/><line nr="173" mi="4" ci="0" mb="0" cb="0"/><line nr="174" mi="3" ci="0" mb="2" cb="0"/><line nr="175" mi="4" ci="0" mb="0" cb="0"/><line nr="176" mi="4" ci="0" mb="0" cb="0"/><line nr="177" mi="14" ci="0" mb="0" cb="0"/><line nr="178" mi="1" ci="0" mb="0" cb="0"/><line nr="179" mi="1" ci="0" mb="0" cb="0"/><counter type="INSTRUCTION" missed="443" covered="0"/><counter type="BRANCH" missed="30" covered="0"/><counter type="LINE" missed="80" covered="0"/><counter type="COMPLEXITY" missed="22" covered="0"/><counter type="METHOD" missed="7" covered="0"/><counter type="CLASS" missed="1" covered="0"/></sourcefile><sourcefile name="DisplayEncryptedProperties.java"><line nr="20" mi="2" ci="0" mb="0" cb="0"/><line nr="21" mi="1" ci="0" mb="0" cb="0"/><line nr="27" mi="4" ci="0" mb="0" cb="0"/><line nr="28" mi="9" ci="0" mb="0" cb="0"/><line nr="31" mi="4" ci="0" mb="0" cb="0"/><line nr="32" mi="3" ci="0" mb="2" cb="0"/><line nr="33" mi="4" ci="0" mb="0" cb="0"/><line nr="34" mi="4" ci="0" mb="0" cb="0"/><line nr="35" mi="14" ci="0" mb="0" cb="0"/><line nr="36" mi="1" ci="0" mb="0" cb="0"/><line nr="39" mi="1" ci="0" mb="0" cb="0"/><line nr="43" mi="3" ci="0" mb="0" cb="0"/><line nr="44" mi="2" ci="0" mb="0" cb="0"/><line nr="45" mi="4" ci="0" mb="0" cb="0"/><line nr="46" mi="10" ci="0" mb="0" cb="0"/><line nr="47" mi="4" ci="0" mb="0" cb="0"/><line nr="48" mi="10" ci="0" mb="0" cb="0"/><line nr="49" mi="4" ci="0" mb="0" cb="0"/><line nr="50" mi="10" ci="0" mb="0" cb="0"/><line nr="51" mi="4" ci="0" mb="0" cb="0"/><line nr="52" mi="10" ci="0" mb="0" cb="0"/><line nr="53" mi="1" ci="0" mb="0" cb="0"/><line nr="59" mi="4" ci="0" mb="0" cb="0"/><line nr="60" mi="4" ci="0" mb="0" cb="0"/><line nr="62" mi="2" ci="0" mb="0" cb="0"/><line nr="63" mi="4" ci="0" mb="2" cb="0"/><line nr="64" mi="5" ci="0" mb="0" cb="0"/><line nr="66" mi="3" ci="0" mb="0" cb="0"/><line nr="67" mi="2" ci="0" mb="0" cb="0"/><line nr="70" mi="4" ci="0" mb="0" cb="0"/><line nr="71" mi="3" ci="0" mb="0" cb="0"/><line nr="73" mi="1" ci="0" mb="0" cb="0"/><line nr="74" mi="16" ci="0" mb="0" cb="0"/><line nr="76" mi="3" ci="0" mb="0" cb="0"/><line nr="77" mi="1" ci="0" mb="0" cb="0"/><line nr="78" mi="1" ci="0" mb="0" cb="0"/><counter type="INSTRUCTION" missed="162" covered="0"/><counter type="BRANCH" missed="4" covered="0"/><counter type="LINE" missed="36" covered="0"/><counter type="COMPLEXITY" missed="6" covered="0"/><counter type="METHOD" missed="4" covered="0"/><counter type="CLASS" missed="1" covered="0"/></sourcefile><counter type="INSTRUCTION" missed="2924" covered="0"/><counter type="BRANCH" missed="223" covered="0"/><counter type="LINE" missed="570" covered="0"/><counter type="COMPLEXITY" missed="150" covered="0"/><counter type="METHOD" missed="38" covered="0"/><counter type="CLASS" missed="4" covered="0"/></package><counter type="INSTRUCTION" missed="2924" covered="0"/><counter type="BRANCH" missed="223" covered="0"/><counter type="LINE" missed="570" covered="0"/><counter type="COMPLEXITY" missed="150" covered="0"/><counter type="METHOD" missed="38" covered="0"/><counter type="CLASS" missed="4" covered="0"/></report>